<?xml version="1.0" encoding="utf-8"?><testsuites name="pytest tests"><testsuite name="pytest" errors="0" failures="0" skipped="0" tests="8" time="25.426" timestamp="2026-08-21T10:41:50.333934-03:00" hostname="DESKTOP-9QT9180"><testcase classname="tests.test_home.TestHome" name="test_navega_para_login" time="3.848" /><testcase classname="tests.test_login.TestLogin" name="test_login_com_sucesso" time="3.143" /><testcase classname="tests.test_signup.TestSignup" name="test_registro_com_sucesso" time="2.206" /><testcase classname="tests.test_signup.TestSignup" name="test_completar_formulario_cadastro" time="4.698" /><testcase classname="tests.test_signup.TestSignup" name="test_registro_com_campos_vazios[-True]" time="1.710" /><testcase classname="tests.test_signup.TestSignup" name="test_registro_com_campos_vazios[Renan Teste-False]" time="1.978" /><testcase classname="tests.test_signup.TestSignup" name="test_registro_com_campos_vazios[-False]" time="1.682" /><testcase classname="tests.test_signup.TestSignup" name="test_email_repetido" time="6.107" /></testsuite></testsuites>