<?xml version="1.0" encoding="utf-8"?><testsuites name="pytest tests"><testsuite name="pytest" errors="0" failures="0" skipped="0" tests="10" time="30.336" timestamp="2026-08-21T15:41:49.056015-03:00" hostname="DESKTOP-9QT9180"><testcase classname="tests.test_home.TestHome" name="test_navega_para_login" time="3.290" /><testcase classname="tests.test_login.TestLogin" name="test_login_com_sucesso" time="2.946" /><testcase classname="tests.test_product.TestProduct" name="test_pagina_visivel" time="3.322" /><testcase classname="tests.test_product.TestProduct" name="test_adicionar_produto_ao_carrinho" time="3.967" /><testcase classname="tests.test_signup.TestSignup" name="test_registro_com_sucesso" time="2.163" /><testcase classname="tests.test_signup.TestSignup" name="test_completar_formulario_cadastro" time="3.354" /><testcase classname="tests.test_signup.TestSignup" name="test_registro_com_campos_vazios[-True]" time="1.670" /><testcase classname="tests.test_signup.TestSignup" name="test_registro_com_campos_vazios[Renan Teste-False]" time="1.834" /><testcase classname="tests.test_signup.TestSignup" name="test_registro_com_campos_vazios[-False]" time="1.679" /><testcase classname="tests.test_signup.TestSignup" name="test_email_repetido" time="6.055" /></testsuite></testsuites>